Summary for sample: 11-L2_D1_GAOX1_anterior_9-21-23_0
Optimal window size: 17
Calcualted overhang: 0
Window size distirbution: [17, 17, 17, 17, 17, 17, 17, 17, 17, 17, 17, 17, 17, 17, 17, 17, 17, 17, 17, 17, 17, 17, 17, 17, 17]

Summary for sample: 11-L2_D1_GAOX1_anterior_9-21-23_1
Optimal window size: 17
Calcualted overhang: 22
Window size distirbution: [18, 18, 18, 18, 18, 18, 18, 18, 18, 18, 18, 18, 18, 18, 18, 18, 18, 18, 18, 18, 18, 18, 17, 17, 17]

Summary for sample: 11-L2_D1_GAOX1_anterior_9-21-23_2
Optimal window size: 17
Calcualted overhang: 1
Window size distirbution: [18, 17, 17, 17, 17, 17, 17, 17, 17, 17, 17, 17, 17, 17, 17, 17, 17, 17, 17, 17, 17, 17, 17, 17, 17]

Summary for sample: 11-L2_D1_GAOX1_anterior_9-21-23_3
Optimal window size: 18
Calcualted overhang: 18
Window size distirbution: [19, 19, 19, 19, 19, 19, 19, 19, 19, 19, 19, 19, 19, 19, 19, 19, 19, 19, 18, 18, 18, 18, 18, 18, 18]

Summary for sample: 11-L2_D1_GAOX1_anterior_9-21-23_4
Optimal window size: 18
Calcualted overhang: 16
Window size distirbution: [19, 19, 19, 19, 19, 19, 19, 19, 19, 19, 19, 19, 19, 19, 19, 19, 18, 18, 18, 18, 18, 18, 18, 18, 18]

Summary for sample: 12-L2-1_D1_GAOX1_RFP_anterior_9_0
Optimal window size: 8
Calcualted overhang: 12
Window size distirbution: [9, 9, 9, 9, 9, 9, 9, 9, 9, 9, 9, 9, 8, 8, 8, 8, 8, 8, 8, 8, 8, 8, 8, 8, 8]

Summary for sample: 12-L2-1_D1_GAOX1_RFP_anterior_9_1
Optimal window size: 7
Calcualted overhang: 17
Window size distirbution: [8, 8, 8, 8, 8, 8, 8, 8, 8, 8, 8, 8, 8, 8, 8, 8, 8, 7, 7, 7, 7, 7, 7, 7, 7]

Summary for sample: 12-L2-1_D1_GAOX1_RFP_anterior_9_2
Optimal window size: 7
Calcualted overhang: 13
Window size distirbution: [8, 8, 8, 8, 8, 8, 8, 8, 8, 8, 8, 8, 8, 7, 7, 7, 7, 7, 7, 7, 7, 7, 7, 7, 7]

Summary for sample: 12-L2-1_D1_GAOX1_RFP_anterior_9_3
Optimal window size: 6
Calcualted overhang: 8
Window size distirbution: [7, 7, 7, 7, 7, 7, 7, 7, 6, 6, 6, 6, 6, 6, 6, 6, 6, 6, 6, 6, 6, 6, 6, 6, 6]

Summary for sample: 12-L2-1_D1_GAOX1_RFP_anterior_9_4
Optimal window size: 5
Calcualted overhang: 14
Window size distirbution: [6, 6, 6, 6, 6, 6, 6, 6, 6, 6, 6, 6, 6, 6, 5, 5, 5, 5, 5, 5, 5, 5, 5, 5, 5]

Summary for sample: 26-L2_D1-2_GAOX-1_rfp_anterior__0
Optimal window size: 8
Calcualted overhang: 22
Window size distirbution: [9, 9, 9, 9, 9, 9, 9, 9, 9, 9, 9, 9, 9, 9, 9, 9, 9, 9, 9, 9, 9, 9, 8, 8, 8]

Summary for sample: 26-L2_D1-2_GAOX-1_rfp_anterior__1
Optimal window size: 8
Calcualted overhang: 22
Window size distirbution: [9, 9, 9, 9, 9, 9, 9, 9, 9, 9, 9, 9, 9, 9, 9, 9, 9, 9, 9, 9, 9, 9, 8, 8, 8]

Summary for sample: 26-L2_D1-2_GAOX-1_rfp_anterior__2
Optimal window size: 8
Calcualted overhang: 21
Window size distirbution: [9, 9, 9, 9, 9, 9, 9, 9, 9, 9, 9, 9, 9, 9, 9, 9, 9, 9, 9, 9, 9, 8, 8, 8, 8]

Summary for sample: 26-L2_D1-2_GAOX-1_rfp_anterior__3
Optimal window size: 9
Calcualted overhang: 13
Window size distirbution: [10, 10, 10, 10, 10, 10, 10, 10, 10, 10, 10, 10, 10, 9, 9, 9, 9, 9, 9, 9, 9, 9, 9, 9, 9]

Summary for sample: 26-L2_D1-2_GAOX-1_rfp_anterior__4
Optimal window size: 10
Calcualted overhang: 1
Window size distirbution: [11, 10, 10, 10, 10, 10, 10, 10, 10, 10, 10, 10, 10, 10, 10, 10, 10, 10, 10, 10, 10, 10, 10, 10, 10]

Summary for sample: 15-L2_D1_GAOX1_RFP_anterior_8-30_0
Optimal window size: 9
Calcualted overhang: 3
Window size distirbution: [10, 10, 10, 9, 9, 9, 9, 9, 9, 9, 9, 9, 9, 9, 9, 9, 9, 9, 9, 9, 9, 9, 9, 9, 9]

Summary for sample: 15-L2_D1_GAOX1_RFP_anterior_8-30_1
Optimal window size: 8
Calcualted overhang: 24
Window size distirbution: [9, 9, 9, 9, 9, 9, 9, 9, 9, 9, 9, 9, 9, 9, 9, 9, 9, 9, 9, 9, 9, 9, 9, 9, 8]

Summary for sample: 15-L2_D1_GAOX1_RFP_anterior_8-30_2
Optimal window size: 9
Calcualted overhang: 2
Window size distirbution: [10, 10, 9, 9, 9, 9, 9, 9, 9, 9, 9, 9, 9, 9, 9, 9, 9, 9, 9, 9, 9, 9, 9, 9, 9]

Summary for sample: 15-L2_D1_GAOX1_RFP_anterior_8-30_3
Optimal window size: 9
Calcualted overhang: 17
Window size distirbution: [10, 10, 10, 10, 10, 10, 10, 10, 10, 10, 10, 10, 10, 10, 10, 10, 10, 9, 9, 9, 9, 9, 9, 9, 9]

Summary for sample: 15-L2_D1_GAOX1_RFP_anterior_8-30_4
Optimal window size: 9
Calcualted overhang: 19
Window size distirbution: [10, 10, 10, 10, 10, 10, 10, 10, 10, 10, 10, 10, 10, 10, 10, 10, 10, 10, 10, 9, 9, 9, 9, 9, 9]

