Summary for sample: 35-L3_D3_GAOX1-dTOM_RFP_Posterior_0
Optimal window size: 13
Calcualted overhang: 10
Window size distirbution: [14, 14, 14, 14, 14, 14, 14, 14, 14, 14, 13, 13, 13, 13, 13, 13, 13, 13, 13, 13, 13, 13, 13, 13, 13]

Summary for sample: 35-L3_D3_GAOX1-dTOM_RFP_Posterior_1
Optimal window size: 12
Calcualted overhang: 19
Window size distirbution: [13, 13, 13, 13, 13, 13, 13, 13, 13, 13, 13, 13, 13, 13, 13, 13, 13, 13, 13, 12, 12, 12, 12, 12, 12]

Summary for sample: 35-L3_D3_GAOX1-dTOM_RFP_Posterior_2
Optimal window size: 11
Calcualted overhang: 12
Window size distirbution: [12, 12, 12, 12, 12, 12, 12, 12, 12, 12, 12, 12, 11, 11, 11, 11, 11, 11, 11, 11, 11, 11, 11, 11, 11]

Summary for sample: 35-L3_D3_GAOX1-dTOM_RFP_Posterior_3
Optimal window size: 11
Calcualted overhang: 0
Window size distirbution: [11, 11, 11, 11, 11, 11, 11, 11, 11, 11, 11, 11, 11, 11, 11, 11, 11, 11, 11, 11, 11, 11, 11, 11, 11]

Summary for sample: 35-L3_D3_GAOX1-dTOM_RFP_Posterior_4
Optimal window size: 9
Calcualted overhang: 23
Window size distirbution: [10, 10, 10, 10, 10, 10, 10, 10, 10, 10, 10, 10, 10, 10, 10, 10, 10, 10, 10, 10, 10, 10, 10, 9, 9]

Summary for sample: 23-L3_D3-2_GAOX-1_rfp_posterior_0
Optimal window size: 19
Calcualted overhang: 7
Window size distirbution: [20, 20, 20, 20, 20, 20, 20, 19, 19, 19, 19, 19, 19, 19, 19, 19, 19, 19, 19, 19, 19, 19, 19, 19, 19]

Summary for sample: 23-L3_D3-2_GAOX-1_rfp_posterior_1
Optimal window size: 18
Calcualted overhang: 23
Window size distirbution: [19, 19, 19, 19, 19, 19, 19, 19, 19, 19, 19, 19, 19, 19, 19, 19, 19, 19, 19, 19, 19, 19, 19, 18, 18]

Summary for sample: 23-L3_D3-2_GAOX-1_rfp_posterior_2
Optimal window size: 17
Calcualted overhang: 13
Window size distirbution: [18, 18, 18, 18, 18, 18, 18, 18, 18, 18, 18, 18, 18, 17, 17, 17, 17, 17, 17, 17, 17, 17, 17, 17, 17]

Summary for sample: 23-L3_D3-2_GAOX-1_rfp_posterior_3
Optimal window size: 17
Calcualted overhang: 5
Window size distirbution: [18, 18, 18, 18, 18, 17, 17, 17, 17, 17, 17, 17, 17, 17, 17, 17, 17, 17, 17, 17, 17, 17, 17, 17, 17]

Summary for sample: 23-L3_D3-2_GAOX-1_rfp_posterior_4
Optimal window size: 18
Calcualted overhang: 19
Window size distirbution: [19, 19, 19, 19, 19, 19, 19, 19, 19, 19, 19, 19, 19, 19, 19, 19, 19, 19, 19, 18, 18, 18, 18, 18, 18]

Summary for sample: 25-L3_D3_GAOX-1_rfp_posterior_7_0
Optimal window size: 21
Calcualted overhang: 5
Window size distirbution: [22, 22, 22, 22, 22, 21, 21, 21, 21, 21, 21, 21, 21, 21, 21, 21, 21, 21, 21, 21, 21, 21, 21, 21, 21]

Summary for sample: 25-L3_D3_GAOX-1_rfp_posterior_7_1
Optimal window size: 22
Calcualted overhang: 2
Window size distirbution: [23, 23, 22, 22, 22, 22, 22, 22, 22, 22, 22, 22, 22, 22, 22, 22, 22, 22, 22, 22, 22, 22, 22, 22, 22]

Summary for sample: 25-L3_D3_GAOX-1_rfp_posterior_7_2
Optimal window size: 22
Calcualted overhang: 18
Window size distirbution: [23, 23, 23, 23, 23, 23, 23, 23, 23, 23, 23, 23, 23, 23, 23, 23, 23, 23, 22, 22, 22, 22, 22, 22, 22]

Summary for sample: 25-L3_D3_GAOX-1_rfp_posterior_7_3
Optimal window size: 21
Calcualted overhang: 3
Window size distirbution: [22, 22, 22, 21, 21, 21, 21, 21, 21, 21, 21, 21, 21, 21, 21, 21, 21, 21, 21, 21, 21, 21, 21, 21, 21]

Summary for sample: 25-L3_D3_GAOX-1_rfp_posterior_7_4
Optimal window size: 21
Calcualted overhang: 22
Window size distirbution: [22, 22, 22, 22, 22, 22, 22, 22, 22, 22, 22, 22, 22, 22, 22, 22, 22, 22, 22, 22, 22, 22, 21, 21, 21]

Summary for sample: 20-L2_D3_GAOX1_rfp_posterior_7-2_0
Optimal window size: 15
Calcualted overhang: 17
Window size distirbution: [16, 16, 16, 16, 16, 16, 16, 16, 16, 16, 16, 16, 16, 16, 16, 16, 16, 15, 15, 15, 15, 15, 15, 15, 15]

Summary for sample: 20-L2_D3_GAOX1_rfp_posterior_7-2_1
Optimal window size: 15
Calcualted overhang: 20
Window size distirbution: [16, 16, 16, 16, 16, 16, 16, 16, 16, 16, 16, 16, 16, 16, 16, 16, 16, 16, 16, 16, 15, 15, 15, 15, 15]

Summary for sample: 20-L2_D3_GAOX1_rfp_posterior_7-2_2
Optimal window size: 17
Calcualted overhang: 6
Window size distirbution: [18, 18, 18, 18, 18, 18, 17, 17, 17, 17, 17, 17, 17, 17, 17, 17, 17, 17, 17, 17, 17, 17, 17, 17, 17]

Summary for sample: 20-L2_D3_GAOX1_rfp_posterior_7-2_3
Optimal window size: 17
Calcualted overhang: 17
Window size distirbution: [18, 18, 18, 18, 18, 18, 18, 18, 18, 18, 18, 18, 18, 18, 18, 18, 18, 17, 17, 17, 17, 17, 17, 17, 17]

Summary for sample: 20-L2_D3_GAOX1_rfp_posterior_7-2_4
Optimal window size: 17
Calcualted overhang: 14
Window size distirbution: [18, 18, 18, 18, 18, 18, 18, 18, 18, 18, 18, 18, 18, 18, 17, 17, 17, 17, 17, 17, 17, 17, 17, 17, 17]

