Summary for sample: 34-L3_D3_GAOX1-dTOM_RFP_Medial_0
Optimal window size: 13
Calcualted overhang: 11
Window size distirbution: [14, 14, 14, 14, 14, 14, 14, 14, 14, 14, 14, 13, 13, 13, 13, 13, 13, 13, 13, 13, 13, 13, 13, 13, 13]

Summary for sample: 34-L3_D3_GAOX1-dTOM_RFP_Medial_1
Optimal window size: 13
Calcualted overhang: 11
Window size distirbution: [14, 14, 14, 14, 14, 14, 14, 14, 14, 14, 14, 13, 13, 13, 13, 13, 13, 13, 13, 13, 13, 13, 13, 13, 13]

Summary for sample: 34-L3_D3_GAOX1-dTOM_RFP_Medial_2
Optimal window size: 13
Calcualted overhang: 11
Window size distirbution: [14, 14, 14, 14, 14, 14, 14, 14, 14, 14, 14, 13, 13, 13, 13, 13, 13, 13, 13, 13, 13, 13, 13, 13, 13]

Summary for sample: 34-L3_D3_GAOX1-dTOM_RFP_Medial_3
Optimal window size: 13
Calcualted overhang: 11
Window size distirbution: [14, 14, 14, 14, 14, 14, 14, 14, 14, 14, 14, 13, 13, 13, 13, 13, 13, 13, 13, 13, 13, 13, 13, 13, 13]

Summary for sample: 34-L3_D3_GAOX1-dTOM_RFP_Medial_4
Optimal window size: 13
Calcualted overhang: 11
Window size distirbution: [14, 14, 14, 14, 14, 14, 14, 14, 14, 14, 14, 13, 13, 13, 13, 13, 13, 13, 13, 13, 13, 13, 13, 13, 13]

Summary for sample: 33-L3_D3-2_GAOX1-dTOM_RFP_Medial_0
Optimal window size: 13
Calcualted overhang: 11
Window size distirbution: [14, 14, 14, 14, 14, 14, 14, 14, 14, 14, 14, 13, 13, 13, 13, 13, 13, 13, 13, 13, 13, 13, 13, 13, 13]

Summary for sample: 33-L3_D3-2_GAOX1-dTOM_RFP_Medial_1
Optimal window size: 13
Calcualted overhang: 11
Window size distirbution: [14, 14, 14, 14, 14, 14, 14, 14, 14, 14, 14, 13, 13, 13, 13, 13, 13, 13, 13, 13, 13, 13, 13, 13, 13]

Summary for sample: 33-L3_D3-2_GAOX1-dTOM_RFP_Medial_2
Optimal window size: 13
Calcualted overhang: 11
Window size distirbution: [14, 14, 14, 14, 14, 14, 14, 14, 14, 14, 14, 13, 13, 13, 13, 13, 13, 13, 13, 13, 13, 13, 13, 13, 13]

Summary for sample: 33-L3_D3-2_GAOX1-dTOM_RFP_Medial_3
Optimal window size: 13
Calcualted overhang: 11
Window size distirbution: [14, 14, 14, 14, 14, 14, 14, 14, 14, 14, 14, 13, 13, 13, 13, 13, 13, 13, 13, 13, 13, 13, 13, 13, 13]

Summary for sample: 33-L3_D3-2_GAOX1-dTOM_RFP_Medial_4
Optimal window size: 13
Calcualted overhang: 11
Window size distirbution: [14, 14, 14, 14, 14, 14, 14, 14, 14, 14, 14, 13, 13, 13, 13, 13, 13, 13, 13, 13, 13, 13, 13, 13, 13]

Summary for sample: 22-L3_D3-2_GAOX-1_rfp_medial_7-_0
Optimal window size: 16
Calcualted overhang: 12
Window size distirbution: [17, 17, 17, 17, 17, 17, 17, 17, 17, 17, 17, 17, 16, 16, 16, 16, 16, 16, 16, 16, 16, 16, 16, 16, 16]

Summary for sample: 22-L3_D3-2_GAOX-1_rfp_medial_7-_1
Optimal window size: 23
Calcualted overhang: 15
Window size distirbution: [24, 24, 24, 24, 24, 24, 24, 24, 24, 24, 24, 24, 24, 24, 24, 23, 23, 23, 23, 23, 23, 23, 23, 23, 23]

Summary for sample: 22-L3_D3-2_GAOX-1_rfp_medial_7-_2
Optimal window size: 24
Calcualted overhang: 15
Window size distirbution: [25, 25, 25, 25, 25, 25, 25, 25, 25, 25, 25, 25, 25, 25, 25, 24, 24, 24, 24, 24, 24, 24, 24, 24, 24]

Summary for sample: 22-L3_D3-2_GAOX-1_rfp_medial_7-_3
Optimal window size: 22
Calcualted overhang: 20
Window size distirbution: [23, 23, 23, 23, 23, 23, 23, 23, 23, 23, 23, 23, 23, 23, 23, 23, 23, 23, 23, 23, 22, 22, 22, 22, 22]

Summary for sample: 22-L3_D3-2_GAOX-1_rfp_medial_7-_4
Optimal window size: 23
Calcualted overhang: 23
Window size distirbution: [24, 24, 24, 24, 24, 24, 24, 24, 24, 24, 24, 24, 24, 24, 24, 24, 24, 24, 24, 24, 24, 24, 24, 23, 23]

Summary for sample: 19-L2_D3_GAOX1_rfp_medial_7-21-2_0
Optimal window size: 22
Calcualted overhang: 10
Window size distirbution: [23, 23, 23, 23, 23, 23, 23, 23, 23, 23, 22, 22, 22, 22, 22, 22, 22, 22, 22, 22, 22, 22, 22, 22, 22]

Summary for sample: 19-L2_D3_GAOX1_rfp_medial_7-21-2_1
Optimal window size: 22
Calcualted overhang: 1
Window size distirbution: [23, 22, 22, 22, 22, 22, 22, 22, 22, 22, 22, 22, 22, 22, 22, 22, 22, 22, 22, 22, 22, 22, 22, 22, 22]

Summary for sample: 19-L2_D3_GAOX1_rfp_medial_7-21-2_2
Optimal window size: 20
Calcualted overhang: 19
Window size distirbution: [21, 21, 21, 21, 21, 21, 21, 21, 21, 21, 21, 21, 21, 21, 21, 21, 21, 21, 21, 20, 20, 20, 20, 20, 20]

Summary for sample: 19-L2_D3_GAOX1_rfp_medial_7-21-2_3
Optimal window size: 20
Calcualted overhang: 12
Window size distirbution: [21, 21, 21, 21, 21, 21, 21, 21, 21, 21, 21, 21, 20, 20, 20, 20, 20, 20, 20, 20, 20, 20, 20, 20, 20]

Summary for sample: 19-L2_D3_GAOX1_rfp_medial_7-21-2_4
Optimal window size: 22
Calcualted overhang: 9
Window size distirbution: [23, 23, 23, 23, 23, 23, 23, 23, 23, 22, 22, 22, 22, 22, 22, 22, 22, 22, 22, 22, 22, 22, 22, 22, 22]

